<?xml version="1.0" encoding="UTF-8"?>
<!-- Generated by org.testng.reporters.JUnitXMLReporter -->
<testsuite hostname="ULTP_610" ignored="1" name="SeeiTOi_TestSuite" tests="1" failures="0" timestamp="13 Sep 2017 10:47:23 GMT" time="31.693" errors="0">
  <testcase name="testLoginValid" time="31.599" classname="seeitoi.LoginPage_TestScenario"/>
  <testcase name="forgotPassword_Validmail" time="0.0" classname="seeitoi.LoginPage_TestScenario">
    <ignored/>
  </testcase> <!-- forgotPassword_Validmail -->
</testsuite> <!-- SeeiTOi_TestSuite -->
