<?xml version="1.0" encoding="UTF-8"?>
<!-- Generated by org.testng.reporters.JUnitXMLReporter -->
<testsuite hostname="ULTP_610" ignored="1" name="SeeiTOi_TestSuite" tests="1" failures="0" timestamp="12 Sep 2017 08:14:08 GMT" time="14.262" errors="0">
  <testcase name="testLoginValid" time="14.174" classname="seeitoi.LoginPage_TestScenario"/>
  <testcase name="forgotPassword_Validmail" time="0.0" classname="seeitoi.LoginPage_TestScenario">
    <ignored/>
  </testcase> <!-- forgotPassword_Validmail -->
</testsuite> <!-- SeeiTOi_TestSuite -->
