<?xml version="1.0" encoding="UTF-8"?>
<!-- Generated by org.testng.reporters.JUnitXMLReporter -->
<testsuite hostname="ULTP_610" ignored="1" name="SeeiTOi_TestSuite" tests="1" failures="0" timestamp="13 Sep 2017 10:49:10 GMT" time="45.433" errors="0">
  <testcase name="testLoginValid" time="45.396" classname="seeitoi.LoginPage_TestScenario"/>
  <testcase name="forgotPassword_Validmail" time="0.0" classname="seeitoi.LoginPage_TestScenario">
    <ignored/>
  </testcase> <!-- forgotPassword_Validmail -->
</testsuite> <!-- SeeiTOi_TestSuite -->
