<?xml version="1.0" encoding="UTF-8"?>
<testng-results skipped="0" failed="0" ignored="1" total="2" passed="1">
  <reporter-output>
  </reporter-output>
  <suite name="Suite" duration-ms="15027" started-at="2017-09-05T09:33:23Z" finished-at="2017-09-05T09:33:38Z">
    <groups>
    </groups>
    <test name="SeeiTOi_TestSuite" duration-ms="15027" started-at="2017-09-05T09:33:23Z" finished-at="2017-09-05T09:33:38Z">
      <class name="seeitoi.LoginPage_TestScenario">
        <test-method status="PASS" signature="setUp()[pri:0, instance:seeitoi.LoginPage_TestScenario@3b6eb2ec]" name="setUp" is-config="true" duration-ms="4322" started-at="2017-09-05T15:03:19Z" finished-at="2017-09-05T15:03:23Z">
          <reporter-output>
          </reporter-output>
        </test-method> <!-- setUp -->
        <test-method status="PASS" signature="setup()[pri:0, instance:seeitoi.LoginPage_TestScenario@3b6eb2ec]" name="setup" is-config="true" duration-ms="25" started-at="2017-09-05T15:03:23Z" finished-at="2017-09-05T15:03:23Z">
          <reporter-output>
          </reporter-output>
        </test-method> <!-- setup -->
        <test-method status="PASS" signature="testLoginValid()[pri:0, instance:seeitoi.LoginPage_TestScenario@3b6eb2ec]" name="testLoginValid" duration-ms="14989" started-at="2017-09-05T15:03:23Z" finished-at="2017-09-05T15:03:38Z">
          <reporter-output>
          </reporter-output>
        </test-method> <!-- testLoginValid -->
        <test-method status="PASS" signature="verifyOKAndLogout()[pri:0, instance:seeitoi.LoginPage_TestScenario@3b6eb2ec]" name="verifyOKAndLogout" is-config="true" duration-ms="77" started-at="2017-09-05T15:03:38Z" finished-at="2017-09-05T15:03:38Z">
          <reporter-output>
          </reporter-output>
        </test-method> <!-- verifyOKAndLogout -->
      </class> <!-- seeitoi.LoginPage_TestScenario -->
    </test> <!-- SeeiTOi_TestSuite -->
  </suite> <!-- Suite -->
</testng-results>
