<?xml version="1.0" encoding="UTF-8"?>
<testng-results skipped="0" failed="0" ignored="1" total="2" passed="1">
  <reporter-output>
  </reporter-output>
  <suite name="Suite" duration-ms="14262" started-at="2017-09-12T08:13:53Z" finished-at="2017-09-12T08:14:08Z">
    <groups>
    </groups>
    <test name="SeeiTOi_TestSuite" duration-ms="14262" started-at="2017-09-12T08:13:53Z" finished-at="2017-09-12T08:14:08Z">
      <class name="seeitoi.LoginPage_TestScenario">
        <test-method status="PASS" signature="setUp()[pri:0, instance:seeitoi.LoginPage_TestScenario@4cc0edeb]" name="setUp" is-config="true" duration-ms="4929" started-at="2017-09-12T13:43:48Z" finished-at="2017-09-12T13:43:53Z">
          <reporter-output>
          </reporter-output>
        </test-method> <!-- setUp -->
        <test-method status="PASS" signature="setup()[pri:0, instance:seeitoi.LoginPage_TestScenario@4cc0edeb]" name="setup" is-config="true" duration-ms="72" started-at="2017-09-12T13:43:53Z" finished-at="2017-09-12T13:43:53Z">
          <reporter-output>
          </reporter-output>
        </test-method> <!-- setup -->
        <test-method status="PASS" signature="testLoginValid()[pri:0, instance:seeitoi.LoginPage_TestScenario@4cc0edeb]" name="testLoginValid" duration-ms="14174" started-at="2017-09-12T13:43:53Z" finished-at="2017-09-12T13:44:08Z">
          <reporter-output>
          </reporter-output>
        </test-method> <!-- testLoginValid -->
        <test-method status="PASS" signature="verifyOKAndLogout()[pri:0, instance:seeitoi.LoginPage_TestScenario@4cc0edeb]" name="verifyOKAndLogout" is-config="true" duration-ms="78" started-at="2017-09-12T13:44:08Z" finished-at="2017-09-12T13:44:08Z">
          <reporter-output>
          </reporter-output>
        </test-method> <!-- verifyOKAndLogout -->
      </class> <!-- seeitoi.LoginPage_TestScenario -->
    </test> <!-- SeeiTOi_TestSuite -->
  </suite> <!-- Suite -->
</testng-results>
