<?xml version="1.0" encoding="UTF-8"?>
<testng-results skipped="0" failed="0" ignored="1" total="2" passed="1">
  <reporter-output>
  </reporter-output>
  <suite name="Suite" duration-ms="15349" started-at="2017-09-06T05:41:09Z" finished-at="2017-09-06T05:41:25Z">
    <groups>
    </groups>
    <test name="SeeiTOi_TestSuite" duration-ms="15349" started-at="2017-09-06T05:41:09Z" finished-at="2017-09-06T05:41:25Z">
      <class name="seeitoi.LoginPage_TestScenario">
        <test-method status="PASS" signature="setUp()[pri:0, instance:seeitoi.LoginPage_TestScenario@3e6fa38a]" name="setUp" is-config="true" duration-ms="7584" started-at="2017-09-06T11:11:02Z" finished-at="2017-09-06T11:11:09Z">
          <reporter-output>
          </reporter-output>
        </test-method> <!-- setUp -->
        <test-method status="PASS" signature="setup()[pri:0, instance:seeitoi.LoginPage_TestScenario@3e6fa38a]" name="setup" is-config="true" duration-ms="42" started-at="2017-09-06T11:11:09Z" finished-at="2017-09-06T11:11:10Z">
          <reporter-output>
          </reporter-output>
        </test-method> <!-- setup -->
        <test-method status="PASS" signature="testLoginValid()[pri:0, instance:seeitoi.LoginPage_TestScenario@3e6fa38a]" name="testLoginValid" duration-ms="15290" started-at="2017-09-06T11:11:10Z" finished-at="2017-09-06T11:11:25Z">
          <reporter-output>
          </reporter-output>
        </test-method> <!-- testLoginValid -->
        <test-method status="PASS" signature="verifyOKAndLogout()[pri:0, instance:seeitoi.LoginPage_TestScenario@3e6fa38a]" name="verifyOKAndLogout" is-config="true" duration-ms="80" started-at="2017-09-06T11:11:25Z" finished-at="2017-09-06T11:11:25Z">
          <reporter-output>
          </reporter-output>
        </test-method> <!-- verifyOKAndLogout -->
      </class> <!-- seeitoi.LoginPage_TestScenario -->
    </test> <!-- SeeiTOi_TestSuite -->
  </suite> <!-- Suite -->
</testng-results>
